c:\users\ryan\documents\source\repos\scugogrepository\scugog_project_frontend\debug\vc141.pdb
c:\users\ryan\documents\source\repos\scugogrepository\scugog_project_frontend\debug\vc141.idb
c:\users\ryan\documents\source\repos\scugogrepository\scugog_project_frontend\debug\verify_sfml.obj
c:\users\ryan\documents\source\repos\scugogrepository\scugog_project_frontend\debug\choosedeck1.obj
c:\users\ryan\documents\source\repos\scugogrepository\scugog_project_frontend\debug\choosedeck2.obj
c:\users\ryan\documents\source\repos\scugogrepository\scugog_project_frontend\debug\game.obj
c:\users\ryan\documents\source\repos\scugogrepository\scugog_project_frontend\debug\instructions.obj
c:\users\ryan\documents\source\repos\scugogrepository\scugog_project_frontend\debug\main.obj
c:\users\ryan\documents\source\repos\scugogrepository\scugog_project_frontend\debug\mainmenu.obj
c:\users\ryan\documents\source\repos\scugogrepository\scugog_project_frontend\debug\splashscreen.obj
c:\users\ryan\documents\source\repos\scugogrepository\scugog_project_frontend\debug\stdafx.obj
c:\users\ryan\documents\source\repos\scugogrepository\scugog_project\debug\scugog_project_frontend.pdb
c:\users\ryan\documents\source\repos\scugogrepository\scugog_project_frontend\debug\scugog_p.51b704de.tlog\cl.command.1.tlog
c:\users\ryan\documents\source\repos\scugogrepository\scugog_project_frontend\debug\scugog_p.51b704de.tlog\cl.read.1.tlog
c:\users\ryan\documents\source\repos\scugogrepository\scugog_project_frontend\debug\scugog_p.51b704de.tlog\cl.write.1.tlog
c:\users\ryan\documents\source\repos\scugogrepository\scugog_project_frontend\debug\scugog_p.51b704de.tlog\link-cvtres.read.1.tlog
c:\users\ryan\documents\source\repos\scugogrepository\scugog_project_frontend\debug\scugog_p.51b704de.tlog\link-cvtres.write.1.tlog
c:\users\ryan\documents\source\repos\scugogrepository\scugog_project_frontend\debug\scugog_p.51b704de.tlog\link-rc.read.1.tlog
c:\users\ryan\documents\source\repos\scugogrepository\scugog_project_frontend\debug\scugog_p.51b704de.tlog\link-rc.write.1.tlog
c:\users\ryan\documents\source\repos\scugogrepository\scugog_project_frontend\debug\scugog_p.51b704de.tlog\link.3468-cvtres.read.1.tlog
c:\users\ryan\documents\source\repos\scugogrepository\scugog_project_frontend\debug\scugog_p.51b704de.tlog\link.3468-cvtres.write.1.tlog
c:\users\ryan\documents\source\repos\scugogrepository\scugog_project_frontend\debug\scugog_p.51b704de.tlog\link.3468-rc.read.1.tlog
c:\users\ryan\documents\source\repos\scugogrepository\scugog_project_frontend\debug\scugog_p.51b704de.tlog\link.3468-rc.write.1.tlog
c:\users\ryan\documents\source\repos\scugogrepository\scugog_project_frontend\debug\scugog_p.51b704de.tlog\link.3468.read.1.tlog
c:\users\ryan\documents\source\repos\scugogrepository\scugog_project_frontend\debug\scugog_p.51b704de.tlog\link.3468.write.1.tlog
c:\users\ryan\documents\source\repos\scugogrepository\scugog_project_frontend\debug\scugog_p.51b704de.tlog\link.command.1.tlog
c:\users\ryan\documents\source\repos\scugogrepository\scugog_project_frontend\debug\scugog_p.51b704de.tlog\link.read.1.tlog
c:\users\ryan\documents\source\repos\scugogrepository\scugog_project_frontend\debug\scugog_p.51b704de.tlog\link.write.1.tlog
