  PlayGame.cpp
frontend_src\PlayGame.cpp(259): warning C4018: '<': signed/unsigned mismatch
frontend_src\PlayGame.cpp(274): warning C4018: '<': signed/unsigned mismatch
frontend_src\PlayGame.cpp(281): warning C4018: '<': signed/unsigned mismatch
frontend_src\PlayGame.cpp(362): warning C4244: 'initializing': conversion from 'int' to 'float', possible loss of data
frontend_src\PlayGame.cpp(363): warning C4244: 'initializing': conversion from 'int' to 'float', possible loss of data
frontend_src\PlayGame.cpp(382): warning C4018: '<': signed/unsigned mismatch
frontend_src\PlayGame.cpp(393): warning C4018: '<': signed/unsigned mismatch
frontend_src\PlayGame.cpp(408): warning C4018: '<': signed/unsigned mismatch
frontend_src\PlayGame.cpp(421): warning C4018: '<': signed/unsigned mismatch
frontend_src\PlayGame.cpp(444): warning C4018: '<': signed/unsigned mismatch
frontend_src\PlayGame.cpp(632): warning C4018: '<': signed/unsigned mismatch
frontend_src\PlayGame.cpp(737): warning C4018: '<': signed/unsigned mismatch
frontend_src\PlayGame.cpp(817): warning C4018: '<': signed/unsigned mismatch
frontend_src\PlayGame.cpp(819): warning C4018: '<': signed/unsigned mismatch
frontend_src\PlayGame.cpp(825): warning C4018: '<': signed/unsigned mismatch
frontend_src\PlayGame.cpp(848): warning C4018: '<': signed/unsigned mismatch
frontend_src\PlayGame.cpp(894): warning C4018: '<': signed/unsigned mismatch
frontend_src\PlayGame.cpp(919): warning C4018: '<': signed/unsigned mismatch
frontend_src\PlayGame.cpp(925): warning C4018: '<': signed/unsigned mismatch
  Generating code
  0 of 1088 functions ( 0.0%) were compiled, the rest were copied from previous compilation.
    0 functions were new in current compilation
    48 functions had inline decision re-evaluated but remain unchanged
  Finished generating code
  scugog_project.vcxproj -> C:\Users\eric\Documents\Source\Repos\scugogrepository\scugog_project\Release\scugog_project.exe
