  deck.cpp
c:\users\ryan\documents\source\repos\scugogrepository\mysql connector c++ 1.1.9\include\cppconn\sqlstring.h(39): warning C4251: 'sql::SQLString::realStr': class 'std::basic_string<char,std::char_traits<char>,std::allocator<char>>' needs to have dll-interface to be used by clients of class 'sql::SQLString'
  c:\program files (x86)\microsoft visual studio\2017\enterprise\vc\tools\msvc\14.11.25503\include\xstring(4079): note: see declaration of 'std::basic_string<char,std::char_traits<char>,std::allocator<char>>'
c:\users\ryan\documents\source\repos\scugogrepository\mysql connector c++ 1.1.9\include\cppconn\exception.h(61): warning C4251: 'sql::SQLException::sql_state': class 'std::basic_string<char,std::char_traits<char>,std::allocator<char>>' needs to have dll-interface to be used by clients of class 'sql::SQLException'
  c:\program files (x86)\microsoft visual studio\2017\enterprise\vc\tools\msvc\14.11.25503\include\xstring(4079): note: see declaration of 'std::basic_string<char,std::char_traits<char>,std::allocator<char>>'
c:\users\ryan\documents\source\repos\scugogrepository\mysql connector c++ 1.1.9\include\cppconn\exception.h(145): warning C4251: 'sql::SQLUnsupportedOptionException::option': class 'std::basic_string<char,std::char_traits<char>,std::allocator<char>>' needs to have dll-interface to be used by clients of struct 'sql::SQLUnsupportedOptionException'
  c:\program files (x86)\microsoft visual studio\2017\enterprise\vc\tools\msvc\14.11.25503\include\xstring(4079): note: see declaration of 'std::basic_string<char,std::char_traits<char>,std::allocator<char>>'
c:\users\ryan\documents\source\repos\scugogrepository\mysql connector c++ 1.1.9\include\mysql_connection.h(175): warning C4251: 'sql::mysql::MySQL_Connection::proxy': class 'boost::shared_ptr<sql::mysql::NativeAPI::NativeConnectionWrapper>' needs to have dll-interface to be used by clients of class 'sql::mysql::MySQL_Connection'
  c:\users\ryan\documents\source\repos\scugogrepository\mysql connector c++ 1.1.9\include\mysql_connection.h(175): note: see declaration of 'boost::shared_ptr<sql::mysql::NativeAPI::NativeConnectionWrapper>'
c:\users\ryan\documents\source\repos\scugogrepository\mysql connector c++ 1.1.9\include\mysql_connection.h(179): warning C4251: 'sql::mysql::MySQL_Connection::service': class 'boost::scoped_ptr<sql::mysql::MySQL_Statement>' needs to have dll-interface to be used by clients of class 'sql::mysql::MySQL_Connection'
  c:\users\ryan\documents\source\repos\scugogrepository\mysql connector c++ 1.1.9\include\mysql_connection.h(179): note: see declaration of 'boost::scoped_ptr<sql::mysql::MySQL_Statement>'
c:\users\ryan\documents\source\repos\scugogrepository\mysql connector c++ 1.1.9\include\mysql_connection.h(181): warning C4251: 'sql::mysql::MySQL_Connection::intern': class 'boost::scoped_ptr<sql::mysql::MySQL_ConnectionData>' needs to have dll-interface to be used by clients of class 'sql::mysql::MySQL_Connection'
  c:\users\ryan\documents\source\repos\scugogrepository\mysql connector c++ 1.1.9\include\mysql_connection.h(181): note: see declaration of 'boost::scoped_ptr<sql::mysql::MySQL_ConnectionData>'
c:\users\ryan\documents\source\repos\scugogrepository\mysql connector c++ 1.1.9\include\mysql_driver.h(52): warning C4251: 'sql::mysql::MySQL_Driver::proxy': class 'boost::scoped_ptr<sql::mysql::NativeAPI::NativeDriverWrapper>' needs to have dll-interface to be used by clients of class 'sql::mysql::MySQL_Driver'
  c:\users\ryan\documents\source\repos\scugogrepository\mysql connector c++ 1.1.9\include\mysql_driver.h(52): note: see declaration of 'boost::scoped_ptr<sql::mysql::NativeAPI::NativeDriverWrapper>'
  WalkthroughGame.cpp
c:\users\ryan\documents\source\repos\scugogrepository\scugog_project\frontend_src\walkthroughgame.cpp(266): warning C4018: '<': signed/unsigned mismatch
c:\users\ryan\documents\source\repos\scugogrepository\scugog_project\frontend_src\walkthroughgame.cpp(280): warning C4018: '<': signed/unsigned mismatch
c:\users\ryan\documents\source\repos\scugogrepository\scugog_project\frontend_src\walkthroughgame.cpp(287): warning C4018: '<': signed/unsigned mismatch
c:\users\ryan\documents\source\repos\scugogrepository\scugog_project\frontend_src\walkthroughgame.cpp(364): warning C4244: 'initializing': conversion from 'int' to 'float', possible loss of data
c:\users\ryan\documents\source\repos\scugogrepository\scugog_project\frontend_src\walkthroughgame.cpp(365): warning C4244: 'initializing': conversion from 'int' to 'float', possible loss of data
c:\users\ryan\documents\source\repos\scugogrepository\scugog_project\frontend_src\walkthroughgame.cpp(399): warning C4018: '<': signed/unsigned mismatch
c:\users\ryan\documents\source\repos\scugogrepository\scugog_project\frontend_src\walkthroughgame.cpp(413): warning C4018: '<': signed/unsigned mismatch
c:\users\ryan\documents\source\repos\scugogrepository\scugog_project\frontend_src\walkthroughgame.cpp(420): warning C4018: '<': signed/unsigned mismatch
c:\users\ryan\documents\source\repos\scugogrepository\scugog_project\frontend_src\walkthroughgame.cpp(488): warning C4018: '<': signed/unsigned mismatch
c:\users\ryan\documents\source\repos\scugogrepository\scugog_project\frontend_src\walkthroughgame.cpp(521): warning C4244: 'initializing': conversion from 'int' to 'float', possible loss of data
c:\users\ryan\documents\source\repos\scugogrepository\scugog_project\frontend_src\walkthroughgame.cpp(522): warning C4244: 'initializing': conversion from 'int' to 'float', possible loss of data
c:\users\ryan\documents\source\repos\scugogrepository\scugog_project\frontend_src\walkthroughgame.cpp(627): warning C4018: '<': signed/unsigned mismatch
c:\users\ryan\documents\source\repos\scugogrepository\scugog_project\frontend_src\walkthroughgame.cpp(641): warning C4018: '<': signed/unsigned mismatch
c:\users\ryan\documents\source\repos\scugogrepository\scugog_project\frontend_src\walkthroughgame.cpp(648): warning C4018: '<': signed/unsigned mismatch
c:\users\ryan\documents\source\repos\scugogrepository\scugog_project\frontend_src\walkthroughgame.cpp(748): warning C4244: 'initializing': conversion from 'int' to 'float', possible loss of data
c:\users\ryan\documents\source\repos\scugogrepository\scugog_project\frontend_src\walkthroughgame.cpp(749): warning C4244: 'initializing': conversion from 'int' to 'float', possible loss of data
c:\users\ryan\documents\source\repos\scugogrepository\scugog_project\frontend_src\walkthroughgame.cpp(843): warning C4018: '<': signed/unsigned mismatch
c:\users\ryan\documents\source\repos\scugogrepository\scugog_project\frontend_src\walkthroughgame.cpp(857): warning C4018: '<': signed/unsigned mismatch
c:\users\ryan\documents\source\repos\scugogrepository\scugog_project\frontend_src\walkthroughgame.cpp(864): warning C4018: '<': signed/unsigned mismatch
c:\users\ryan\documents\source\repos\scugogrepository\scugog_project\frontend_src\walkthroughgame.cpp(976): warning C4244: 'initializing': conversion from 'int' to 'float', possible loss of data
c:\users\ryan\documents\source\repos\scugogrepository\scugog_project\frontend_src\walkthroughgame.cpp(977): warning C4244: 'initializing': conversion from 'int' to 'float', possible loss of data
c:\users\ryan\documents\source\repos\scugogrepository\scugog_project\frontend_src\walkthroughgame.cpp(1147): warning C4018: '<': signed/unsigned mismatch
c:\users\ryan\documents\source\repos\scugogrepository\scugog_project\frontend_src\walkthroughgame.cpp(1240): warning C4018: '<': signed/unsigned mismatch
  SplashScreen.cpp
  PlayGame.cpp
c:\users\ryan\documents\source\repos\scugogrepository\scugog_project\frontend_src\playgame.cpp(259): warning C4018: '<': signed/unsigned mismatch
c:\users\ryan\documents\source\repos\scugogrepository\scugog_project\frontend_src\playgame.cpp(274): warning C4018: '<': signed/unsigned mismatch
c:\users\ryan\documents\source\repos\scugogrepository\scugog_project\frontend_src\playgame.cpp(281): warning C4018: '<': signed/unsigned mismatch
c:\users\ryan\documents\source\repos\scugogrepository\scugog_project\frontend_src\playgame.cpp(362): warning C4244: 'initializing': conversion from 'int' to 'float', possible loss of data
c:\users\ryan\documents\source\repos\scugogrepository\scugog_project\frontend_src\playgame.cpp(363): warning C4244: 'initializing': conversion from 'int' to 'float', possible loss of data
c:\users\ryan\documents\source\repos\scugogrepository\scugog_project\frontend_src\playgame.cpp(382): warning C4018: '<': signed/unsigned mismatch
c:\users\ryan\documents\source\repos\scugogrepository\scugog_project\frontend_src\playgame.cpp(393): warning C4018: '<': signed/unsigned mismatch
c:\users\ryan\documents\source\repos\scugogrepository\scugog_project\frontend_src\playgame.cpp(408): warning C4018: '<': signed/unsigned mismatch
c:\users\ryan\documents\source\repos\scugogrepository\scugog_project\frontend_src\playgame.cpp(421): warning C4018: '<': signed/unsigned mismatch
c:\users\ryan\documents\source\repos\scugogrepository\scugog_project\frontend_src\playgame.cpp(444): warning C4018: '<': signed/unsigned mismatch
c:\users\ryan\documents\source\repos\scugogrepository\scugog_project\frontend_src\playgame.cpp(636): warning C4018: '<': signed/unsigned mismatch
c:\users\ryan\documents\source\repos\scugogrepository\scugog_project\frontend_src\playgame.cpp(741): warning C4018: '<': signed/unsigned mismatch
c:\users\ryan\documents\source\repos\scugogrepository\scugog_project\frontend_src\playgame.cpp(821): warning C4018: '<': signed/unsigned mismatch
c:\users\ryan\documents\source\repos\scugogrepository\scugog_project\frontend_src\playgame.cpp(823): warning C4018: '<': signed/unsigned mismatch
c:\users\ryan\documents\source\repos\scugogrepository\scugog_project\frontend_src\playgame.cpp(829): warning C4018: '<': signed/unsigned mismatch
c:\users\ryan\documents\source\repos\scugogrepository\scugog_project\frontend_src\playgame.cpp(852): warning C4018: '<': signed/unsigned mismatch
c:\users\ryan\documents\source\repos\scugogrepository\scugog_project\frontend_src\playgame.cpp(898): warning C4018: '<': signed/unsigned mismatch
c:\users\ryan\documents\source\repos\scugogrepository\scugog_project\frontend_src\playgame.cpp(923): warning C4018: '<': signed/unsigned mismatch
c:\users\ryan\documents\source\repos\scugogrepository\scugog_project\frontend_src\playgame.cpp(929): warning C4018: '<': signed/unsigned mismatch
  Generating Code...
c:\users\ryan\documents\source\repos\scugogrepository\scugog_project\frontend_src\playgame.cpp(517): warning C4715: 'PlayGame::Play': not all control paths return a value
c:\users\ryan\documents\source\repos\scugogrepository\scugog_project\frontend_src\walkthroughgame.cpp(1053): warning C4715: 'WalkthroughGame::Play': not all control paths return a value
  scugog_project.vcxproj -> C:\Users\Ryan\Documents\Source\Repos\scugogrepository\scugog_project\Debug\scugog_project.exe
