  stdafx.cpp
  SplashScreen.cpp
  MainMenu.cpp
  main.cpp
  Instructions.cpp
  Game.cpp
  ChooseDeck2.cpp
  ChooseDeck1.cpp
MainMenu.obj : error LNK2001: unresolved external symbol __imp___invalid_parameter
SplashScreen.obj : error LNK2001: unresolved external symbol __imp___invalid_parameter
ChooseDeck1.obj : error LNK2001: unresolved external symbol __imp___invalid_parameter
ChooseDeck2.obj : error LNK2001: unresolved external symbol __imp___invalid_parameter
Game.obj : error LNK2001: unresolved external symbol __imp___invalid_parameter
Instructions.obj : error LNK2001: unresolved external symbol __imp___invalid_parameter
MainMenu.obj : error LNK2001: unresolved external symbol __imp___CrtDbgReportW
SplashScreen.obj : error LNK2001: unresolved external symbol __imp___CrtDbgReportW
ChooseDeck1.obj : error LNK2001: unresolved external symbol __imp___CrtDbgReportW
ChooseDeck2.obj : error LNK2001: unresolved external symbol __imp___CrtDbgReportW
Game.obj : error LNK2001: unresolved external symbol __imp___CrtDbgReportW
Instructions.obj : error LNK2001: unresolved external symbol __imp___CrtDbgReportW
SplashScreen.obj : error LNK2019: unresolved external symbol "class std::basic_string<char,struct std::char_traits<char>,class std::allocator<char> > __cdecl resourcePath(void)" (?resourcePath@@YA?AV?$basic_string@DU?$char_traits@D@std@@V?$allocator@D@2@@std@@XZ) referenced in function "public: void __thiscall SplashScreen::Show(class sf::RenderWindow &)" (?Show@SplashScreen@@QAEXAAVRenderWindow@sf@@@Z)
ChooseDeck1.obj : error LNK2001: unresolved external symbol "class std::basic_string<char,struct std::char_traits<char>,class std::allocator<char> > __cdecl resourcePath(void)" (?resourcePath@@YA?AV?$basic_string@DU?$char_traits@D@std@@V?$allocator@D@2@@std@@XZ)
ChooseDeck2.obj : error LNK2001: unresolved external symbol "class std::basic_string<char,struct std::char_traits<char>,class std::allocator<char> > __cdecl resourcePath(void)" (?resourcePath@@YA?AV?$basic_string@DU?$char_traits@D@std@@V?$allocator@D@2@@std@@XZ)
Instructions.obj : error LNK2001: unresolved external symbol "class std::basic_string<char,struct std::char_traits<char>,class std::allocator<char> > __cdecl resourcePath(void)" (?resourcePath@@YA?AV?$basic_string@DU?$char_traits@D@std@@V?$allocator@D@2@@std@@XZ)
MainMenu.obj : error LNK2001: unresolved external symbol "class std::basic_string<char,struct std::char_traits<char>,class std::allocator<char> > __cdecl resourcePath(void)" (?resourcePath@@YA?AV?$basic_string@DU?$char_traits@D@std@@V?$allocator@D@2@@std@@XZ)
C:\Users\Ryan\Documents\Source\Repos\scugogrepository\scugog_project\Debug\gui.exe : fatal error LNK1120: 3 unresolved externals
